# JRE version: OpenJDK Runtime Environment (8.0_222-b10) (build 1.8.0_222-8u222-b10-1ubuntu1~18.04.1-b10)
# Java VM: OpenJDK 64-Bit Server VM (25.222-b10 mixed mode linux-amd64 compressed oops)
Heap:
 PSYoungGen      total 136192K, used 11758K [0x00000000d6e00000, 0x00000000e0100000, 0x0000000100000000)
  eden space 124416K, 0% used [0x00000000d6e00000,0x00000000d6e00000,0x00000000de780000)
  from space 11776K, 99% used [0x00000000de780000,0x00000000df2fb8a0,0x00000000df300000)
  to   space 9216K, 0% used [0x00000000df300000,0x00000000df300000,0x00000000dfc00000)
 ParOldGen       total 84992K, used 14522K [0x0000000084a00000, 0x0000000089d00000, 0x00000000d6e00000)
  object space 84992K, 17% used [0x0000000084a00000,0x000000008582e850,0x0000000089d00000)
 Metaspace       used 14611K, capacity 14708K, committed 14848K, reserved 1062912K
  class space    used 1904K, capacity 1941K, committed 2048K, reserved 1048576K
GC Heap History (10 events):
Event: 1,796 GC heap after
Heap after GC invocations=2 (full 0):
 PSYoungGen      total 36864K, used 3576K [0x00000000d6e00000, 0x00000000db600000, 0x0000000100000000)
  eden space 31744K, 0% used [0x00000000d6e00000,0x00000000d6e00000,0x00000000d8d00000)
  from space 5120K, 69% used [0x00000000d9200000,0x00000000d957e2d8,0x00000000d9700000)
  to   space 5120K, 0% used [0x00000000d8d00000,0x00000000d8d00000,0x00000000d9200000)
 ParOldGen       total 84992K, used 849K [0x0000000084a00000, 0x0000000089d00000, 0x00000000d6e00000)
  object space 84992K, 0% used [0x0000000084a00000,0x0000000084ad44f8,0x0000000089d00000)
 Metaspace       used 9008K, capacity 9122K, committed 9472K, reserved 1056768K
  class space    used 1137K, capacity 1169K, committed 1280K, reserved 1048576K
}
Event: 1,904 GC heap before
{Heap before GC invocations=3 (full 0):
 PSYoungGen      total 36864K, used 35320K [0x00000000d6e00000, 0x00000000db600000, 0x0000000100000000)
  eden space 31744K, 100% used [0x00000000d6e00000,0x00000000d8d00000,0x00000000d8d00000)
  from space 5120K, 69% used [0x00000000d9200000,0x00000000d957e2d8,0x00000000d9700000)
  to   space 5120K, 0% used [0x00000000d8d00000,0x00000000d8d00000,0x00000000d9200000)
 ParOldGen       total 84992K, used 849K [0x0000000084a00000, 0x0000000089d00000, 0x00000000d6e00000)
  object space 84992K, 0% used [0x0000000084a00000,0x0000000084ad44f8,0x0000000089d00000)
 Metaspace       used 9010K, capacity 9122K, committed 9472K, reserved 1056768K
  class space    used 1137K, capacity 1169K, committed 1280K, reserved 1048576K
Event: 1,908 GC heap after
Heap after GC invocations=3 (full 0):
 PSYoungGen      total 36864K, used 3488K [0x00000000d6e00000, 0x00000000db600000, 0x0000000100000000)
  eden space 31744K, 0% used [0x00000000d6e00000,0x00000000d6e00000,0x00000000d8d00000)
  from space 5120K, 68% used [0x00000000d8d00000,0x00000000d9068010,0x00000000d9200000)
  to   space 5120K, 0% used [0x00000000db100000,0x00000000db100000,0x00000000db600000)
 ParOldGen       total 84992K, used 857K [0x0000000084a00000, 0x0000000089d00000, 0x00000000d6e00000)
  object space 84992K, 1% used [0x0000000084a00000,0x0000000084ad64f8,0x0000000089d00000)
 Metaspace       used 9010K, capacity 9122K, committed 9472K, reserved 1056768K
  class space    used 1137K, capacity 1169K, committed 1280K, reserved 1048576K
}
Event: 2,190 GC heap before
{Heap before GC invocations=4 (full 0):
 PSYoungGen      total 36864K, used 35232K [0x00000000d6e00000, 0x00000000db600000, 0x0000000100000000)
  eden space 31744K, 100% used [0x00000000d6e00000,0x00000000d8d00000,0x00000000d8d00000)
  from space 5120K, 68% used [0x00000000d8d00000,0x00000000d9068010,0x00000000d9200000)
  to   space 5120K, 0% used [0x00000000db100000,0x00000000db100000,0x00000000db600000)
 ParOldGen       total 84992K, used 857K [0x0000000084a00000, 0x0000000089d00000, 0x00000000d6e00000)
  object space 84992K, 1% used [0x0000000084a00000,0x0000000084ad64f8,0x0000000089d00000)
 Metaspace       used 10332K, capacity 10434K, committed 10496K, reserved 1058816K
  class space    used 1475K, capacity 1521K, committed 1536K, reserved 1048576K
Event: 2,195 GC heap after
Heap after GC invocations=4 (full 0):
 PSYoungGen      total 68608K, used 5030K [0x00000000d6e00000, 0x00000000db600000, 0x0000000100000000)
  eden space 63488K, 0% used [0x00000000d6e00000,0x00000000d6e00000,0x00000000dac00000)
  from space 5120K, 98% used [0x00000000db100000,0x00000000db5e9980,0x00000000db600000)
  to   space 5120K, 0% used [0x00000000dac00000,0x00000000dac00000,0x00000000db100000)
 ParOldGen       total 84992K, used 865K [0x0000000084a00000, 0x0000000089d00000, 0x00000000d6e00000)
  object space 84992K, 1% used [0x0000000084a00000,0x0000000084ad84f8,0x0000000089d00000)
 Metaspace       used 10332K, capacity 10434K, committed 10496K, reserved 1058816K
  class space    used 1475K, capacity 1521K, committed 1536K, reserved 1048576K
}
Event: 3,042 GC heap before
{Heap before GC invocations=5 (full 0):
 PSYoungGen      total 68608K, used 68518K [0x00000000d6e00000, 0x00000000db600000, 0x0000000100000000)
  eden space 63488K, 100% used [0x00000000d6e00000,0x00000000dac00000,0x00000000dac00000)
  from space 5120K, 98% used [0x00000000db100000,0x00000000db5e9980,0x00000000db600000)
  to   space 5120K, 0% used [0x00000000dac00000,0x00000000dac00000,0x00000000db100000)
 ParOldGen       total 84992K, used 865K [0x0000000084a00000, 0x0000000089d00000, 0x00000000d6e00000)
  object space 84992K, 1% used [0x0000000084a00000,0x0000000084ad84f8,0x0000000089d00000)
 Metaspace       used 12252K, capacity 12334K, committed 12544K, reserved 1060864K
  class space    used 1704K, capacity 1747K, committed 1792K, reserved 1048576K
Event: 3,072 GC heap after
Heap after GC invocations=5 (full 0):
 PSYoungGen      total 68608K, used 5112K [0x00000000d6e00000, 0x00000000dfc00000, 0x0000000100000000)
  eden space 63488K, 0% used [0x00000000d6e00000,0x00000000d6e00000,0x00000000dac00000)
  from space 5120K, 99% used [0x00000000dac00000,0x00000000db0fe1b8,0x00000000db100000)
  to   space 9216K, 0% used [0x00000000df300000,0x00000000df300000,0x00000000dfc00000)
 ParOldGen       total 84992K, used 4681K [0x0000000084a00000, 0x0000000089d00000, 0x00000000d6e00000)
  object space 84992K, 5% used [0x0000000084a00000,0x0000000084e924a0,0x0000000089d00000)
 Metaspace       used 12252K, capacity 12334K, committed 12544K, reserved 1060864K
  class space    used 1704K, capacity 1747K, committed 1792K, reserved 1048576K
}
Event: 15,682 GC heap before
{Heap before GC invocations=6 (full 0):
 PSYoungGen      total 68608K, used 68600K [0x00000000d6e00000, 0x00000000dfc00000, 0x0000000100000000)
  eden space 63488K, 100% used [0x00000000d6e00000,0x00000000dac00000,0x00000000dac00000)
  from space 5120K, 99% used [0x00000000dac00000,0x00000000db0fe1b8,0x00000000db100000)
  to   space 9216K, 0% used [0x00000000df300000,0x00000000df300000,0x00000000dfc00000)
 ParOldGen       total 84992K, used 4681K [0x0000000084a00000, 0x0000000089d00000, 0x00000000d6e00000)
  object space 84992K, 5% used [0x0000000084a00000,0x0000000084e924a0,0x0000000089d00000)
 Metaspace       used 13843K, capacity 13908K, committed 13952K, reserved 1060864K
  class space    used 1875K, capacity 1909K, committed 1920K, reserved 1048576K
Event: 16,492 GC heap after
Heap after GC invocations=6 (full 0):
 PSYoungGen      total 133632K, used 9191K [0x00000000d6e00000, 0x00000000e0100000, 0x0000000100000000)
  eden space 124416K, 0% used [0x00000000d6e00000,0x00000000d6e00000,0x00000000de780000)
  from space 9216K, 99% used [0x00000000df300000,0x00000000dfbf9ee0,0x00000000dfc00000)
  to   space 11776K, 0% used [0x00000000de780000,0x00000000de780000,0x00000000df300000)
 ParOldGen       total 84992K, used 6450K [0x0000000084a00000, 0x0000000089d00000, 0x00000000d6e00000)
  object space 84992K, 7% used [0x0000000084a00000,0x000000008504c9e0,0x0000000089d00000)
 Metaspace       used 13843K, capacity 13908K, committed 13952K, reserved 1060864K
  class space    used 1875K, capacity 1909K, committed 1920K, reserved 1048576K
}
Event: 409,851 GC heap before
{Heap before GC invocations=7 (full 0):
 PSYoungGen      total 133632K, used 133607K [0x00000000d6e00000, 0x00000000e0100000, 0x0000000100000000)
  eden space 124416K, 100% used [0x00000000d6e00000,0x00000000de780000,0x00000000de780000)
  from space 9216K, 99% used [0x00000000df300000,0x00000000dfbf9ee0,0x00000000dfc00000)
  to   space 11776K, 0% used [0x00000000de780000,0x00000000de780000,0x00000000df300000)
 ParOldGen       total 84992K, used 6450K [0x0000000084a00000, 0x0000000089d00000, 0x00000000d6e00000)
  object space 84992K, 7% used [0x0000000084a00000,0x000000008504c9e0,0x0000000089d00000)
 Metaspace       used 14611K, capacity 14708K, committed 14848K, reserved 1062912K
  class space    used 1904K, capacity 1941K, committed 2048K, reserved 1048576K

